{"/Users/tiago/Projects/interview/api/config/express.js":{"path":"/Users/tiago/Projects/interview/api/config/express.js","s":{"1":1,"2":1,"3":1,"4":1,"5":1,"6":1,"7":1,"8":1,"9":1,"10":1,"11":1,"12":1,"13":1,"14":1,"15":1,"16":1,"17":1,"18":1},"b":{},"f":{},"fnMap":{},"statementMap":{"1":{"start":{"line":3,"column":0},"end":{"line":3,"column":35}},"2":{"start":{"line":4,"column":0},"end":{"line":4,"column":35}},"3":{"start":{"line":5,"column":0},"end":{"line":5,"column":42}},"4":{"start":{"line":6,"column":0},"end":{"line":6,"column":33}},"5":{"start":{"line":8,"column":0},"end":{"line":40,"column":2}},"6":{"start":{"line":10,"column":2},"end":{"line":10,"column":24}},"7":{"start":{"line":12,"column":2},"end":{"line":12,"column":29}},"8":{"start":{"line":15,"column":2},"end":{"line":15,"column":62}},"9":{"start":{"line":16,"column":2},"end":{"line":16,"column":49}},"10":{"start":{"line":17,"column":2},"end":{"line":17,"column":30}},"11":{"start":{"line":18,"column":2},"end":{"line":18,"column":28}},"12":{"start":{"line":19,"column":2},"end":{"line":19,"column":28}},"13":{"start":{"line":22,"column":2},"end":{"line":22,"column":38}},"14":{"start":{"line":25,"column":2},"end":{"line":25,"column":68}},"15":{"start":{"line":26,"column":2},"end":{"line":26,"column":46}},"16":{"start":{"line":29,"column":2},"end":{"line":29,"column":40}},"17":{"start":{"line":31,"column":2},"end":{"line":37,"column":13}},"18":{"start":{"line":39,"column":2},"end":{"line":39,"column":13}}},"branchMap":{}},"/Users/tiago/Projects/interview/api/app/util/connection.js":{"path":"/Users/tiago/Projects/interview/api/app/util/connection.js","s":{"1":1,"2":1,"3":1,"4":1},"b":{},"f":{"1":1},"fnMap":{"1":{"name":"(anonymous_1)","line":7,"loc":{"start":{"line":7,"column":13},"end":{"line":7,"column":16}}}},"statementMap":{"1":{"start":{"line":2,"column":0},"end":{"line":2,"column":85}},"2":{"start":{"line":3,"column":0},"end":{"line":3,"column":71}},"3":{"start":{"line":5,"column":0},"end":{"line":11,"column":2}},"4":{"start":{"line":8,"column":4},"end":{"line":8,"column":41}}},"branchMap":{}},"/Users/tiago/Projects/interview/api/app/util/helper.js":{"path":"/Users/tiago/Projects/interview/api/app/util/helper.js","s":{"1":1,"2":1,"3":8,"4":8,"5":6,"6":6,"7":8,"8":4,"9":8,"10":3,"11":3,"12":3},"b":{"1":[6,2],"2":[4,4]},"f":{"1":8,"2":3},"fnMap":{"1":{"name":"(anonymous_1)","line":5,"loc":{"start":{"line":5,"column":11},"end":{"line":5,"column":52}}},"2":{"name":"(anonymous_2)","line":19,"loc":{"start":{"line":19,"column":17},"end":{"line":19,"column":26}}}},"statementMap":{"1":{"start":{"line":1,"column":0},"end":{"line":1,"column":27}},"2":{"start":{"line":3,"column":0},"end":{"line":25,"column":2}},"3":{"start":{"line":6,"column":4},"end":{"line":6,"column":19}},"4":{"start":{"line":8,"column":4},"end":{"line":11,"column":5}},"5":{"start":{"line":9,"column":7},"end":{"line":9,"column":27}},"6":{"start":{"line":10,"column":7},"end":{"line":10,"column":18}},"7":{"start":{"line":12,"column":4},"end":{"line":14,"column":5}},"8":{"start":{"line":13,"column":7},"end":{"line":13,"column":48}},"9":{"start":{"line":16,"column":4},"end":{"line":16,"column":84}},"10":{"start":{"line":20,"column":4},"end":{"line":20,"column":46}},"11":{"start":{"line":21,"column":4},"end":{"line":21,"column":37}},"12":{"start":{"line":22,"column":4},"end":{"line":22,"column":34}}},"branchMap":{"1":{"line":8,"type":"if","locations":[{"start":{"line":8,"column":4},"end":{"line":8,"column":4}},{"start":{"line":8,"column":4},"end":{"line":8,"column":4}}]},"2":{"line":12,"type":"if","locations":[{"start":{"line":12,"column":4},"end":{"line":12,"column":4}},{"start":{"line":12,"column":4},"end":{"line":12,"column":4}}]}}},"/Users/tiago/Projects/interview/api/app/schemas/neo.js":{"path":"/Users/tiago/Projects/interview/api/app/schemas/neo.js","s":{"1":1,"2":1,"3":1,"4":1,"5":1,"6":1,"7":1,"8":1,"9":0,"10":1,"11":1,"12":1,"13":1},"b":{"1":[0,0],"2":[1,0]},"f":{},"fnMap":{},"statementMap":{"1":{"start":{"line":3,"column":0},"end":{"line":32,"column":2}},"2":{"start":{"line":5,"column":2},"end":{"line":5,"column":39}},"3":{"start":{"line":6,"column":2},"end":{"line":6,"column":72}},"4":{"start":{"line":7,"column":2},"end":{"line":7,"column":46}},"5":{"start":{"line":9,"column":2},"end":{"line":9,"column":24}},"6":{"start":{"line":11,"column":2},"end":{"line":28,"column":4}},"7":{"start":{"line":12,"column":4},"end":{"line":27,"column":5}},"8":{"start":{"line":13,"column":8},"end":{"line":15,"column":9}},"9":{"start":{"line":14,"column":11},"end":{"line":14,"column":40}},"10":{"start":{"line":17,"column":8},"end":{"line":26,"column":7}},"11":{"start":{"line":18,"column":11},"end":{"line":24,"column":14}},"12":{"start":{"line":25,"column":10},"end":{"line":25,"column":54}},"13":{"start":{"line":30,"column":2},"end":{"line":30,"column":20}}},"branchMap":{"1":{"line":13,"type":"if","locations":[{"start":{"line":13,"column":8},"end":{"line":13,"column":8}},{"start":{"line":13,"column":8},"end":{"line":13,"column":8}}]},"2":{"line":17,"type":"if","locations":[{"start":{"line":17,"column":8},"end":{"line":17,"column":8}},{"start":{"line":17,"column":8},"end":{"line":17,"column":8}}]}}},"/Users/tiago/Projects/interview/api/app/models/nasa.js":{"path":"/Users/tiago/Projects/interview/api/app/models/nasa.js","s":{"1":1,"2":1,"3":1,"4":1,"5":1,"6":1,"7":1,"8":1,"9":2,"10":2,"11":2,"12":2,"13":2,"14":0,"15":0,"16":2,"17":2,"18":1},"b":{"1":[0,2]},"f":{},"fnMap":{},"statementMap":{"1":{"start":{"line":3,"column":0},"end":{"line":33,"column":2}},"2":{"start":{"line":5,"column":2},"end":{"line":5,"column":61}},"3":{"start":{"line":6,"column":2},"end":{"line":6,"column":58}},"4":{"start":{"line":7,"column":2},"end":{"line":7,"column":29}},"5":{"start":{"line":8,"column":2},"end":{"line":8,"column":46}},"6":{"start":{"line":9,"column":2},"end":{"line":9,"column":38}},"7":{"start":{"line":10,"column":2},"end":{"line":10,"column":24}},"8":{"start":{"line":12,"column":2},"end":{"line":29,"column":4}},"9":{"start":{"line":14,"column":4},"end":{"line":14,"column":55}},"10":{"start":{"line":15,"column":4},"end":{"line":15,"column":51}},"11":{"start":{"line":17,"column":4},"end":{"line":27,"column":7}},"12":{"start":{"line":18,"column":6},"end":{"line":26,"column":9}},"13":{"start":{"line":19,"column":8},"end":{"line":25,"column":9}},"14":{"start":{"line":20,"column":10},"end":{"line":20,"column":34}},"15":{"start":{"line":21,"column":10},"end":{"line":21,"column":33}},"16":{"start":{"line":23,"column":10},"end":{"line":23,"column":64}},"17":{"start":{"line":24,"column":10},"end":{"line":24,"column":33}},"18":{"start":{"line":31,"column":2},"end":{"line":31,"column":20}}},"branchMap":{"1":{"line":19,"type":"if","locations":[{"start":{"line":19,"column":8},"end":{"line":19,"column":8}},{"start":{"line":19,"column":8},"end":{"line":19,"column":8}}]}}},"/Users/tiago/Projects/interview/api/app/models/neo.js":{"path":"/Users/tiago/Projects/interview/api/app/models/neo.js","s":{"1":1,"2":1,"3":1,"4":1,"5":1,"6":1,"7":32,"8":32,"9":32,"10":0,"11":1,"12":3,"13":1,"14":2,"15":1,"16":2,"17":1,"18":4,"19":1,"20":1,"21":1,"22":4,"23":32,"24":32,"25":32,"26":1,"27":32,"28":1,"29":1,"30":1,"31":1,"32":1,"33":2,"34":2,"35":2,"36":1,"37":2,"38":2,"39":1,"40":2,"41":2,"42":1},"b":{"1":[32,0]},"f":{},"fnMap":{},"statementMap":{"1":{"start":{"line":3,"column":0},"end":{"line":129,"column":2}},"2":{"start":{"line":5,"column":2},"end":{"line":5,"column":41}},"3":{"start":{"line":6,"column":2},"end":{"line":6,"column":46}},"4":{"start":{"line":7,"column":2},"end":{"line":7,"column":29}},"5":{"start":{"line":8,"column":2},"end":{"line":8,"column":24}},"6":{"start":{"line":10,"column":2},"end":{"line":16,"column":4}},"7":{"start":{"line":11,"column":4},"end":{"line":11,"column":65}},"8":{"start":{"line":12,"column":4},"end":{"line":14,"column":5}},"9":{"start":{"line":13,"column":7},"end":{"line":13,"column":74}},"10":{"start":{"line":15,"column":4},"end":{"line":15,"column":14}},"11":{"start":{"line":18,"column":2},"end":{"line":25,"column":5}},"12":{"start":{"line":18,"column":27},"end":{"line":25,"column":3}},"13":{"start":{"line":27,"column":2},"end":{"line":37,"column":5}},"14":{"start":{"line":27,"column":44},"end":{"line":37,"column":3}},"15":{"start":{"line":39,"column":2},"end":{"line":49,"column":5}},"16":{"start":{"line":39,"column":45},"end":{"line":49,"column":3}},"17":{"start":{"line":51,"column":2},"end":{"line":53,"column":4}},"18":{"start":{"line":52,"column":4},"end":{"line":52,"column":30}},"19":{"start":{"line":55,"column":2},"end":{"line":82,"column":4}},"20":{"start":{"line":57,"column":4},"end":{"line":57,"column":18}},"21":{"start":{"line":59,"column":4},"end":{"line":74,"column":13}},"22":{"start":{"line":62,"column":8},"end":{"line":72,"column":18}},"23":{"start":{"line":63,"column":10},"end":{"line":63,"column":46}},"24":{"start":{"line":64,"column":10},"end":{"line":70,"column":12}},"25":{"start":{"line":71,"column":10},"end":{"line":71,"column":38}},"26":{"start":{"line":76,"column":4},"end":{"line":81,"column":11}},"27":{"start":{"line":80,"column":6},"end":{"line":80,"column":35}},"28":{"start":{"line":84,"column":2},"end":{"line":92,"column":4}},"29":{"start":{"line":85,"column":4},"end":{"line":85,"column":45}},"30":{"start":{"line":87,"column":4},"end":{"line":88,"column":34}},"31":{"start":{"line":90,"column":4},"end":{"line":91,"column":20}},"32":{"start":{"line":94,"column":2},"end":{"line":103,"column":4}},"33":{"start":{"line":95,"column":4},"end":{"line":95,"column":42}},"34":{"start":{"line":97,"column":4},"end":{"line":99,"column":19}},"35":{"start":{"line":101,"column":4},"end":{"line":102,"column":20}},"36":{"start":{"line":113,"column":2},"end":{"line":118,"column":4}},"37":{"start":{"line":114,"column":4},"end":{"line":114,"column":62}},"38":{"start":{"line":116,"column":4},"end":{"line":117,"column":29}},"39":{"start":{"line":120,"column":2},"end":{"line":125,"column":4}},"40":{"start":{"line":121,"column":4},"end":{"line":121,"column":63}},"41":{"start":{"line":123,"column":4},"end":{"line":124,"column":29}},"42":{"start":{"line":127,"column":2},"end":{"line":127,"column":20}}},"branchMap":{"1":{"line":12,"type":"if","locations":[{"start":{"line":12,"column":4},"end":{"line":12,"column":4}},{"start":{"line":12,"column":4},"end":{"line":12,"column":4}}]}}},"/Users/tiago/Projects/interview/api/app/controllers/index.js":{"path":"/Users/tiago/Projects/interview/api/app/controllers/index.js","s":{"1":1,"2":1,"3":1,"4":1,"5":1},"b":{},"f":{},"fnMap":{},"statementMap":{"1":{"start":{"line":3,"column":0},"end":{"line":13,"column":2}},"2":{"start":{"line":5,"column":2},"end":{"line":5,"column":24}},"3":{"start":{"line":7,"column":2},"end":{"line":9,"column":4}},"4":{"start":{"line":8,"column":4},"end":{"line":8,"column":53}},"5":{"start":{"line":11,"column":2},"end":{"line":11,"column":20}}},"branchMap":{}},"/Users/tiago/Projects/interview/api/app/controllers/neo.js":{"path":"/Users/tiago/Projects/interview/api/app/controllers/neo.js","s":{"1":1,"2":1,"3":1,"4":1,"5":1,"6":6,"7":6,"8":1,"9":7,"10":7,"11":1,"12":1,"13":1,"14":1,"15":0,"16":1,"17":3,"18":6,"19":2,"20":0,"21":2,"22":0,"23":2,"24":0,"25":1},"b":{"1":[1],"2":[2,2,2]},"f":{},"fnMap":{},"statementMap":{"1":{"start":{"line":3,"column":0},"end":{"line":52,"column":2}},"2":{"start":{"line":5,"column":2},"end":{"line":5,"column":29}},"3":{"start":{"line":6,"column":2},"end":{"line":6,"column":31}},"4":{"start":{"line":7,"column":2},"end":{"line":7,"column":24}},"5":{"start":{"line":9,"column":2},"end":{"line":12,"column":4}},"6":{"start":{"line":10,"column":4},"end":{"line":10,"column":58}},"7":{"start":{"line":11,"column":4},"end":{"line":11,"column":33}},"8":{"start":{"line":14,"column":2},"end":{"line":18,"column":4}},"9":{"start":{"line":15,"column":4},"end":{"line":17,"column":6}},"10":{"start":{"line":16,"column":6},"end":{"line":16,"column":32}},"11":{"start":{"line":20,"column":2},"end":{"line":29,"column":4}},"12":{"start":{"line":21,"column":4},"end":{"line":28,"column":6}},"13":{"start":{"line":22,"column":6},"end":{"line":27,"column":7}},"14":{"start":{"line":24,"column":10},"end":{"line":25,"column":36}},"15":{"start":{"line":26,"column":8},"end":{"line":26,"column":14}},"16":{"start":{"line":31,"column":2},"end":{"line":48,"column":4}},"17":{"start":{"line":32,"column":4},"end":{"line":47,"column":6}},"18":{"start":{"line":33,"column":6},"end":{"line":46,"column":7}},"19":{"start":{"line":35,"column":10},"end":{"line":36,"column":36}},"20":{"start":{"line":37,"column":8},"end":{"line":37,"column":14}},"21":{"start":{"line":39,"column":10},"end":{"line":40,"column":36}},"22":{"start":{"line":41,"column":8},"end":{"line":41,"column":14}},"23":{"start":{"line":43,"column":10},"end":{"line":44,"column":36}},"24":{"start":{"line":45,"column":8},"end":{"line":45,"column":14}},"25":{"start":{"line":50,"column":2},"end":{"line":50,"column":20}}},"branchMap":{"1":{"line":22,"type":"switch","locations":[{"start":{"line":23,"column":8},"end":{"line":26,"column":14}}]},"2":{"line":33,"type":"switch","locations":[{"start":{"line":34,"column":8},"end":{"line":37,"column":14}},{"start":{"line":38,"column":8},"end":{"line":41,"column":14}},{"start":{"line":42,"column":8},"end":{"line":45,"column":14}}]}}},"/Users/tiago/Projects/interview/api/app/routers/index.js":{"path":"/Users/tiago/Projects/interview/api/app/routers/index.js","s":{"1":1,"2":1,"3":1,"4":1},"b":{},"f":{},"fnMap":{},"statementMap":{"1":{"start":{"line":3,"column":0},"end":{"line":26,"column":2}},"2":{"start":{"line":5,"column":2},"end":{"line":5,"column":43}},"3":{"start":{"line":7,"column":2},"end":{"line":7,"column":33}},"4":{"start":{"line":24,"column":1},"end":{"line":24,"column":28}}},"branchMap":{}},"/Users/tiago/Projects/interview/api/app/routers/neo.js":{"path":"/Users/tiago/Projects/interview/api/app/routers/neo.js","s":{"1":1,"2":1,"3":1,"4":1,"5":1,"6":1,"7":1,"8":1,"9":1,"10":1},"b":{},"f":{},"fnMap":{},"statementMap":{"1":{"start":{"line":3,"column":0},"end":{"line":102,"column":2}},"2":{"start":{"line":5,"column":2},"end":{"line":5,"column":41}},"3":{"start":{"line":7,"column":2},"end":{"line":7,"column":55}},"4":{"start":{"line":8,"column":2},"end":{"line":8,"column":51}},"5":{"start":{"line":9,"column":2},"end":{"line":9,"column":55}},"6":{"start":{"line":10,"column":2},"end":{"line":10,"column":56}},"7":{"start":{"line":42,"column":1},"end":{"line":42,"column":50}},"8":{"start":{"line":66,"column":1},"end":{"line":66,"column":46}},"9":{"start":{"line":83,"column":1},"end":{"line":83,"column":48}},"10":{"start":{"line":100,"column":1},"end":{"line":100,"column":50}}},"branchMap":{}}}