TN:
SF:/Users/tiago/Projects/interview/api/config/express.js
FNF:0
FNH:0
DA:3,1
DA:4,1
DA:5,1
DA:6,1
DA:8,1
DA:10,1
DA:12,1
DA:15,1
DA:16,1
DA:17,1
DA:18,1
DA:19,1
DA:22,1
DA:25,1
DA:26,1
DA:29,1
DA:31,1
DA:39,1
LF:18
LH:18
BRF:0
BRH:0
end_of_record
TN:
SF:/Users/tiago/Projects/interview/api/app/util/connection.js
FN:7,(anonymous_1)
FNF:1
FNH:1
FNDA:1,(anonymous_1)
DA:2,1
DA:3,1
DA:5,1
DA:8,1
LF:4
LH:4
BRF:0
BRH:0
end_of_record
TN:
SF:/Users/tiago/Projects/interview/api/app/util/helper.js
FN:5,(anonymous_1)
FN:19,(anonymous_2)
FNF:2
FNH:2
FNDA:8,(anonymous_1)
FNDA:3,(anonymous_2)
DA:1,1
DA:3,1
DA:6,8
DA:8,8
DA:9,6
DA:10,6
DA:12,8
DA:13,4
DA:16,8
DA:20,3
DA:21,3
DA:22,3
LF:12
LH:12
BRDA:8,1,0,6
BRDA:8,1,1,2
BRDA:12,2,0,4
BRDA:12,2,1,4
BRF:4
BRH:4
end_of_record
TN:
SF:/Users/tiago/Projects/interview/api/app/schemas/neo.js
FNF:0
FNH:0
DA:3,1
DA:5,1
DA:6,1
DA:7,1
DA:9,1
DA:11,1
DA:12,1
DA:13,1
DA:14,0
DA:17,1
DA:18,1
DA:25,1
DA:30,1
LF:13
LH:12
BRDA:13,1,0,0
BRDA:13,1,1,0
BRDA:17,2,0,1
BRDA:17,2,1,0
BRF:4
BRH:1
end_of_record
TN:
SF:/Users/tiago/Projects/interview/api/app/models/nasa.js
FNF:0
FNH:0
DA:3,1
DA:5,1
DA:6,1
DA:7,1
DA:8,1
DA:9,1
DA:10,1
DA:12,1
DA:14,2
DA:15,2
DA:17,2
DA:18,2
DA:19,2
DA:20,0
DA:21,0
DA:23,2
DA:24,2
DA:31,1
LF:18
LH:16
BRDA:19,1,0,0
BRDA:19,1,1,2
BRF:2
BRH:1
end_of_record
TN:
SF:/Users/tiago/Projects/interview/api/app/models/neo.js
FNF:0
FNH:0
DA:3,1
DA:5,1
DA:6,1
DA:7,1
DA:8,1
DA:10,1
DA:11,32
DA:12,32
DA:13,32
DA:15,0
DA:18,3
DA:27,2
DA:39,2
DA:51,1
DA:52,4
DA:55,1
DA:57,1
DA:59,1
DA:62,4
DA:63,32
DA:64,32
DA:71,32
DA:76,1
DA:80,32
DA:84,1
DA:85,1
DA:87,1
DA:90,1
DA:94,1
DA:95,2
DA:97,2
DA:101,2
DA:113,1
DA:114,2
DA:116,2
DA:120,1
DA:121,2
DA:123,2
DA:127,1
LF:39
LH:38
BRDA:12,1,0,32
BRDA:12,1,1,0
BRF:2
BRH:1
end_of_record
TN:
SF:/Users/tiago/Projects/interview/api/app/controllers/index.js
FNF:0
FNH:0
DA:3,1
DA:5,1
DA:7,1
DA:8,1
DA:11,1
LF:5
LH:5
BRF:0
BRH:0
end_of_record
TN:
SF:/Users/tiago/Projects/interview/api/app/controllers/neo.js
FNF:0
FNH:0
DA:3,1
DA:5,1
DA:6,1
DA:7,1
DA:9,1
DA:10,6
DA:11,6
DA:14,1
DA:15,7
DA:16,7
DA:20,1
DA:21,1
DA:22,1
DA:24,1
DA:26,0
DA:31,1
DA:32,3
DA:33,6
DA:35,2
DA:37,0
DA:39,2
DA:41,0
DA:43,2
DA:45,0
DA:50,1
LF:25
LH:21
BRDA:22,1,0,1
BRDA:33,2,0,2
BRDA:33,2,1,2
BRDA:33,2,2,2
BRF:4
BRH:4
end_of_record
TN:
SF:/Users/tiago/Projects/interview/api/app/routers/index.js
FNF:0
FNH:0
DA:3,1
DA:5,1
DA:7,1
DA:24,1
LF:4
LH:4
BRF:0
BRH:0
end_of_record
TN:
SF:/Users/tiago/Projects/interview/api/app/routers/neo.js
FNF:0
FNH:0
DA:3,1
DA:5,1
DA:7,1
DA:8,1
DA:9,1
DA:10,1
DA:42,1
DA:66,1
DA:83,1
DA:100,1
LF:10
LH:10
BRF:0
BRH:0
end_of_record
